Using pre-set license
Built from '2020.2/release' branch; Version is '2020.2.1f1 (270dd8c3da1c) revision 2559448'; Using compiler version '192528614'; Build Type 'Release'
OS: 'Windows 10  (10.0.0) 64bit' Language: 'en' Physical Memory: 16350 MB
BatchMode: 1, IsHumanControllingUs: 0, StartBugReporterOnCrash: 0, Is64bit: 1, IsPro: 0

 COMMAND LINE ARGUMENTS:
C:\Program Files\Unity\Hub\Editor\2020.2.1f1\Editor\Unity.exe
-adb2
-batchMode
-noUpm
-name
AssetImportWorker0
-projectPath
C:/Users/KingToed/Documents/Year 6/Dissertation/backup/BackupVR tutorial
-logFile
Logs/AssetImportWorker0.log
-srvPort
53309
Successfully changed project path to: C:/Users/KingToed/Documents/Year 6/Dissertation/backup/BackupVR tutorial
C:/Users/KingToed/Documents/Year 6/Dissertation/backup/BackupVR tutorial
Using Asset Import Pipeline V2.
Refreshing native plugins compatible for Editor in 140.09 ms, found 3 plugins.
Preloading 1 native plugins for Editor in 1.40 ms.
Initialize engine version: 2020.2.1f1 (270dd8c3da1c)
[Subsystems] Discovering subsystems at path C:/Program Files/Unity/Hub/Editor/2020.2.1f1/Editor/Data/Resources/UnitySubsystems
[Subsystems] Discovering subsystems at path C:/Users/KingToed/Documents/Year 6/Dissertation/backup/BackupVR tutorial/Assets
GfxDevice: creating device client; threaded=0
Direct3D:
    Version:  Direct3D 11.0 [level 11.1]
    Renderer: AMD Radeon (TM) R9 380 Series (ID=0x6939)
    Vendor:   
    VRAM:     4071 MB
    Driver:   27.20.1034.6
Shader 'Universal Render Pipeline/Particles/Lit': fallback shader 'Universal Render Pipeline/Particles/SimpleLit' not found
Initialize mono
Mono path[0] = 'C:/Program Files/Unity/Hub/Editor/2020.2.1f1/Editor/Data/Managed'
Mono path[1] = 'C:/Program Files/Unity/Hub/Editor/2020.2.1f1/Editor/Data/MonoBleedingEdge/lib/mono/unityjit'
Mono config path = 'C:/Program Files/Unity/Hub/Editor/2020.2.1f1/Editor/Data/MonoBleedingEdge/etc'
Using monoOptions --debugger-agent=transport=dt_socket,embedding=1,server=y,suspend=n,address=127.0.0.1:56148
Begin MonoManager ReloadAssembly
Registering precompiled unity dll's ...
Register platform support module: C:/Program Files/Unity/Hub/Editor/2020.2.1f1/Editor/Data/PlaybackEngines/WindowsStandaloneSupport/UnityEditor.WindowsStandalone.Extensions.dll
Registered in 0.004472 seconds.
Native extension for WindowsStandalone target not found
Refreshing native plugins compatible for Editor in 128.88 ms, found 3 plugins.
Preloading 1 native plugins for Editor in 0.14 ms.
Invoked RoslynAnalysisRunner static constructor.
RoslynAnalysisRunner will not be running.
RoslynAnalysisRunner has terminated.
Mono: successfully reloaded assembly
- Completed reload, in  7.752 seconds
Platform modules already initialized, skipping
Registering precompiled user dll's ...
Registered in 0.005581 seconds.
Begin MonoManager ReloadAssembly
Native extension for WindowsStandalone target not found
Refreshing native plugins compatible for Editor in 133.20 ms, found 3 plugins.
Preloading 1 native plugins for Editor in 0.14 ms.
Invoked RoslynAnalysisRunner static constructor.
RoslynAnalysisRunner will not be running.
RoslynAnalysisRunner has terminated.
[XR] OculusXRPlugin: registering subsystems
[XR] Unable to register display lifecyle provider: [1]
[XR] Oculus Input lifecycle provider registered.
[XR] Unable to register input lifecyle provider: [1]
NullReferenceException: Object reference not set to an instance of an object
  at Unity.XR.Oculus.OculusLoader.AssetPathToAbsolutePath (System.String assetPath) [0x00048] in C:\Users\KingToed\Documents\Year 6\Dissertation\VR tutorial\Library\PackageCache\com.unity.xr.oculus@1.6.1\Runtime\OculusLoader.cs:242 
  at Unity.XR.Oculus.OculusLoader.EditorLoadOVRPlugin () [0x0007b] in C:\Users\KingToed\Documents\Year 6\Dissertation\VR tutorial\Library\PackageCache\com.unity.xr.oculus@1.6.1\Runtime\OculusLoader.cs:227 

(Filename: C:/Users/KingToed/Documents/Year 6/Dissertation/VR tutorial/Library/PackageCache/com.unity.xr.oculus@1.6.1/Runtime/OculusLoader.cs Line: 242)

Mono: successfully reloaded assembly
- Completed reload, in  2.295 seconds
Platform modules already initialized, skipping
========================================================================
Worker process is ready to serve import requests
Shader 'Universal Render Pipeline/Particles/Lit': fallback shader 'Universal Render Pipeline/Particles/SimpleLit' not found
Launched and connected shader compiler UnityShaderCompiler.exe after 0.05 seconds
Refreshing native plugins compatible for Editor in 1.16 ms, found 3 plugins.
Preloading 1 native plugins for Editor in 0.14 ms.
Unloading 3593 Unused Serialized files (Serialized files now loaded: 0)
System memory in use before: 176.0 MB.
System memory in use after: 176.3 MB.

Unloading 108 unused Assets to reduce memory usage. Loaded Objects now: 4039.
Total: 4.600400 ms (FindLiveObjects: 0.693300 ms CreateObjectMapping: 0.218500 ms MarkObjects: 3.476000 ms  DeleteObjects: 0.211100 ms)

========================================================================
Received Import Request.
  path: Assets/TextMesh Pro/Fonts/LiberationSans.ttf
  artifactKey: Guid(e3265ab4bf004d28a9537516768c1c75) Importer(815301076,1909f56bfc062723c751e8b465ee728b)
Start importing Assets/TextMesh Pro/Fonts/LiberationSans.ttf using Guid(e3265ab4bf004d28a9537516768c1c75) Importer(815301076,1909f56bfc062723c751e8b465ee728b)  -> (artifact id: '7b6ca18c0ba97a62d29f54973c176d00') in 0.500475 seconds
  Import took 0.508791 seconds .

========================================================================
Received Import Request.
  Time since last request: 222.600511 seconds.
  path: Assets/MyTextures/Control Panel (1).png
  artifactKey: Guid(87c9c57c8f157e643a60655af13b05d6) Importer(815301076,1909f56bfc062723c751e8b465ee728b)
Start importing Assets/MyTextures/Control Panel (1).png using Guid(87c9c57c8f157e643a60655af13b05d6) Importer(815301076,1909f56bfc062723c751e8b465ee728b)  -> (artifact id: 'd20eeb737ff55dc1e83ceeb9e5a137d6') in 0.088699 seconds
  Import took 0.098262 seconds .

========================================================================
Received Import Request.
  Time since last request: 11.214930 seconds.
  path: Assets/MyTextures/Control Panel (1).png
  artifactKey: Guid(87c9c57c8f157e643a60655af13b05d6) Importer(815301076,1909f56bfc062723c751e8b465ee728b)
Start importing Assets/MyTextures/Control Panel (1).png using Guid(87c9c57c8f157e643a60655af13b05d6) Importer(815301076,1909f56bfc062723c751e8b465ee728b)  -> (artifact id: '0ce51410d3a50693962e6aa1ed84de2a') in 0.093318 seconds
  Import took 0.101533 seconds .

AssetImportWorkerClient::OnTransportError - code=2 error=End of file
